<?xml version="1.0" encoding="UTF-8"?>
<coverage generated="1644276806092" clover="3.2.0">
  <project timestamp="1644276806092" name="All files">
    <metrics statements="34" coveredstatements="34" conditionals="12" coveredconditionals="12" methods="3" coveredmethods="3" elements="49" coveredelements="49" complexity="0" loc="34" ncloc="34" packages="1" files="1" classes="1"/>
    <file name="fizzbuzz.js" path="C:\Users\X-men\Documents\Cursos\Interview\fizzbuzz.js">
      <metrics statements="34" coveredstatements="34" conditionals="12" coveredconditionals="12" methods="3" coveredmethods="3"/>
      <line num="1" count="24" type="cond" truecount="1" falsecount="0"/>
      <line num="2" count="24" type="stmt"/>
      <line num="3" count="24" type="cond" truecount="1" falsecount="0"/>
      <line num="4" count="1" type="stmt"/>
      <line num="5" count="1" type="stmt"/>
      <line num="6" count="24" type="stmt"/>
      <line num="7" count="24" type="cond" truecount="1" falsecount="0"/>
      <line num="8" count="24" type="stmt"/>
      <line num="9" count="24" type="cond" truecount="1" falsecount="0"/>
      <line num="10" count="1" type="stmt"/>
      <line num="11" count="1" type="stmt"/>
      <line num="12" count="24" type="stmt"/>
      <line num="13" count="24" type="cond" truecount="2" falsecount="0"/>
      <line num="14" count="2" type="stmt"/>
      <line num="15" count="2" type="stmt"/>
      <line num="16" count="20" type="cond" truecount="1" falsecount="0"/>
      <line num="17" count="24" type="cond" truecount="1" falsecount="0"/>
      <line num="18" count="6" type="stmt"/>
      <line num="19" count="6" type="stmt"/>
      <line num="20" count="24" type="cond" truecount="2" falsecount="0"/>
      <line num="21" count="4" type="stmt"/>
      <line num="22" count="4" type="stmt"/>
      <line num="23" count="24" type="stmt"/>
      <line num="24" count="24" type="stmt"/>
      <line num="25" count="1" type="stmt"/>
      <line num="26" count="1" type="cond" truecount="1" falsecount="0"/>
      <line num="27" count="1" type="cond" truecount="1" falsecount="0"/>
      <line num="28" count="17" type="stmt"/>
      <line num="29" count="17" type="stmt"/>
      <line num="30" count="1" type="stmt"/>
      <line num="31" count="1" type="stmt"/>
      <line num="32" count="1" type="stmt"/>
      <line num="33" count="1" type="stmt"/>
      <line num="34" count="1" type="stmt"/>
    </file>
  </project>
</coverage>
