{"C:\\Users\\X-men\\Documents\\Cursos\\Interview\\fizzbuzz.js": {"path":"C:\\Users\\X-men\\Documents\\Cursos\\Interview\\fizzbuzz.js","all":false,"statementMap":{"0":{"start":{"line":1,"column":0},"end":{"line":1,"column":23}},"1":{"start":{"line":2,"column":0},"end":{"line":2,"column":0}},"2":{"start":{"line":3,"column":0},"end":{"line":3,"column":32}},"3":{"start":{"line":4,"column":0},"end":{"line":4,"column":54}},"4":{"start":{"line":5,"column":0},"end":{"line":5,"column":5}},"5":{"start":{"line":6,"column":0},"end":{"line":6,"column":0}},"6":{"start":{"line":7,"column":0},"end":{"line":7,"column":60}},"7":{"start":{"line":8,"column":0},"end":{"line":8,"column":0}},"8":{"start":{"line":9,"column":0},"end":{"line":9,"column":19}},"9":{"start":{"line":10,"column":0},"end":{"line":10,"column":17}},"10":{"start":{"line":11,"column":0},"end":{"line":11,"column":5}},"11":{"start":{"line":12,"column":0},"end":{"line":12,"column":0}},"12":{"start":{"line":13,"column":0},"end":{"line":13,"column":47}},"13":{"start":{"line":14,"column":0},"end":{"line":14,"column":26}},"14":{"start":{"line":15,"column":0},"end":{"line":15,"column":5}},"15":{"start":{"line":16,"column":0},"end":{"line":16,"column":0}},"16":{"start":{"line":17,"column":0},"end":{"line":17,"column":26}},"17":{"start":{"line":18,"column":0},"end":{"line":18,"column":22}},"18":{"start":{"line":19,"column":0},"end":{"line":19,"column":5}},"19":{"start":{"line":20,"column":0},"end":{"line":20,"column":26}},"20":{"start":{"line":21,"column":0},"end":{"line":21,"column":22}},"21":{"start":{"line":22,"column":0},"end":{"line":22,"column":5}},"22":{"start":{"line":23,"column":0},"end":{"line":23,"column":15}},"23":{"start":{"line":24,"column":0},"end":{"line":24,"column":1}},"24":{"start":{"line":25,"column":0},"end":{"line":25,"column":0}},"25":{"start":{"line":26,"column":0},"end":{"line":26,"column":20}},"26":{"start":{"line":27,"column":0},"end":{"line":27,"column":33}},"27":{"start":{"line":28,"column":0},"end":{"line":28,"column":43}},"28":{"start":{"line":29,"column":0},"end":{"line":29,"column":5}},"29":{"start":{"line":30,"column":0},"end":{"line":30,"column":1}},"30":{"start":{"line":31,"column":0},"end":{"line":31,"column":0}},"31":{"start":{"line":32,"column":0},"end":{"line":32,"column":10}},"32":{"start":{"line":33,"column":0},"end":{"line":33,"column":0}},"33":{"start":{"line":34,"column":0},"end":{"line":34,"column":26}}},"s":{"0":24,"1":24,"2":24,"3":1,"4":1,"5":24,"6":24,"7":24,"8":24,"9":1,"10":1,"11":24,"12":24,"13":2,"14":2,"15":20,"16":24,"17":6,"18":6,"19":24,"20":4,"21":4,"22":24,"23":24,"24":1,"25":1,"26":1,"27":17,"28":17,"29":1,"30":1,"31":1,"32":1,"33":1},"branchMap":{"0":{"type":"branch","line":1,"loc":{"start":{"line":1,"column":0},"end":{"line":24,"column":1}},"locations":[{"start":{"line":1,"column":0},"end":{"line":24,"column":1}}]},"1":{"type":"branch","line":3,"loc":{"start":{"line":3,"column":31},"end":{"line":5,"column":5}},"locations":[{"start":{"line":3,"column":31},"end":{"line":5,"column":5}}]},"2":{"type":"branch","line":9,"loc":{"start":{"line":9,"column":18},"end":{"line":11,"column":5}},"locations":[{"start":{"line":9,"column":18},"end":{"line":11,"column":5}}]},"3":{"type":"branch","line":13,"loc":{"start":{"line":13,"column":7},"end":{"line":13,"column":38}},"locations":[{"start":{"line":13,"column":7},"end":{"line":13,"column":38}}]},"4":{"type":"branch","line":13,"loc":{"start":{"line":13,"column":46},"end":{"line":15,"column":5}},"locations":[{"start":{"line":13,"column":46},"end":{"line":15,"column":5}}]},"5":{"type":"branch","line":16,"loc":{"start":{"line":16,"column":-2},"end":{"line":17,"column":7}},"locations":[{"start":{"line":16,"column":-2},"end":{"line":17,"column":7}}]},"6":{"type":"branch","line":17,"loc":{"start":{"line":17,"column":25},"end":{"line":19,"column":5}},"locations":[{"start":{"line":17,"column":25},"end":{"line":19,"column":5}}]},"7":{"type":"branch","line":20,"loc":{"start":{"line":20,"column":-2},"end":{"line":20,"column":7}},"locations":[{"start":{"line":20,"column":-2},"end":{"line":20,"column":7}}]},"8":{"type":"branch","line":20,"loc":{"start":{"line":20,"column":25},"end":{"line":22,"column":5}},"locations":[{"start":{"line":20,"column":25},"end":{"line":22,"column":5}}]},"9":{"type":"branch","line":7,"loc":{"start":{"line":7,"column":22},"end":{"line":7,"column":60}},"locations":[{"start":{"line":7,"column":22},"end":{"line":7,"column":60}}]},"10":{"type":"branch","line":26,"loc":{"start":{"line":26,"column":0},"end":{"line":30,"column":1}},"locations":[{"start":{"line":26,"column":0},"end":{"line":30,"column":1}}]},"11":{"type":"branch","line":27,"loc":{"start":{"line":27,"column":32},"end":{"line":29,"column":5}},"locations":[{"start":{"line":27,"column":32},"end":{"line":29,"column":5}}]}},"b":{"0":[24],"1":[1],"2":[1],"3":[8],"4":[2],"5":[20],"6":[6],"7":[14],"8":[4],"9":[64],"10":[1],"11":[17]},"fnMap":{"0":{"name":"fizzbuzz","decl":{"start":{"line":1,"column":0},"end":{"line":24,"column":1}},"loc":{"start":{"line":1,"column":0},"end":{"line":24,"column":1}},"line":1},"1":{"name":"divisible","decl":{"start":{"line":7,"column":22},"end":{"line":7,"column":60}},"loc":{"start":{"line":7,"column":22},"end":{"line":7,"column":60}},"line":7},"2":{"name":"print","decl":{"start":{"line":26,"column":0},"end":{"line":30,"column":1}},"loc":{"start":{"line":26,"column":0},"end":{"line":30,"column":1}},"line":26}},"f":{"0":24,"1":64,"2":1}}
}
