TN:
SF:fizzbuzz.js
FN:1,fizzbuzz
FN:7,divisible
FN:26,print
FNF:3
FNH:3
FNDA:24,fizzbuzz
FNDA:64,divisible
FNDA:1,print
DA:1,24
DA:2,24
DA:3,24
DA:4,1
DA:5,1
DA:6,24
DA:7,24
DA:8,24
DA:9,24
DA:10,1
DA:11,1
DA:12,24
DA:13,24
DA:14,2
DA:15,2
DA:16,20
DA:17,24
DA:18,6
DA:19,6
DA:20,24
DA:21,4
DA:22,4
DA:23,24
DA:24,24
DA:25,1
DA:26,1
DA:27,1
DA:28,17
DA:29,17
DA:30,1
DA:31,1
DA:32,1
DA:33,1
DA:34,1
LF:34
LH:34
BRDA:1,0,0,24
BRDA:3,1,0,1
BRDA:9,2,0,1
BRDA:13,3,0,8
BRDA:13,4,0,2
BRDA:16,5,0,20
BRDA:17,6,0,6
BRDA:20,7,0,14
BRDA:20,8,0,4
BRDA:7,9,0,64
BRDA:26,10,0,1
BRDA:27,11,0,17
BRF:12
BRH:12
end_of_record
